<?xml version="1.0" encoding="UTF-8"?>
<testsuite name="com.wundermancommerce.interviewtests.graph.GraphLoaderTest" tests="3" skipped="0" failures="0" errors="0" timestamp="2019-09-17T12:28:14" hostname="Boburs-MacBook-Pro.local" time="0.05">
  <properties/>
  <testcase name="testRelationshipMatches" classname="com.wundermancommerce.interviewtests.graph.GraphLoaderTest" time="0.045"/>
  <testcase name="testExtendedFamilyRelationship" classname="com.wundermancommerce.interviewtests.graph.GraphLoaderTest" time="0.002"/>
  <testcase name="testPeopleLoaded" classname="com.wundermancommerce.interviewtests.graph.GraphLoaderTest" time="0.002"/>
  <system-out><![CDATA[]]></system-out>
  <system-err><![CDATA[]]></system-err>
</testsuite>
